app/build/intermediates/manifest_merge_blame_file/debug/manifest-merger-blame-debug-report.txt
1<?xml version="1.0" encoding="utf-8"?>
2<manifest xmlns:android="http://schemas.android.com/apk/res/android"
3    package="com.vypeensoft.friendtracker"
4    android:versionCode="1"
5    android:versionName="1.0" >
6
7    <uses-sdk
8        android:minSdkVersion="24"
9        android:targetSdkVersion="34" />
10
11    <uses-permission android:name="android.permission.INTERNET" />
11-->src\main\AndroidManifest.xml:5:5-67
11-->src\main\AndroidManifest.xml:5:22-64
12    <uses-permission android:name="android.permission.ACCESS_NETWORK_STATE" />
12-->src\main\AndroidManifest.xml:6:5-79
12-->src\main\AndroidManifest.xml:6:22-76
13
14    <uses-feature
14-->[org.maplibre.gl:android-sdk:11.5.0] AndroidManifest.xml:7:5-9:35
15        android:glEsVersion="0x00030000"
15-->[org.maplibre.gl:android-sdk:11.5.0] AndroidManifest.xml:8:9-41
16        android:required="true" />
16-->[org.maplibre.gl:android-sdk:11.5.0] AndroidManifest.xml:9:9-32
17    <uses-feature
17-->[org.maplibre.gl:android-sdk:11.5.0] AndroidManifest.xml:10:5-12:36
18        android:name="android.hardware.wifi"
18-->[org.maplibre.gl:android-sdk:11.5.0] AndroidManifest.xml:11:9-45
19        android:required="false" />
19-->[org.maplibre.gl:android-sdk:11.5.0] AndroidManifest.xml:12:9-33
20
21    <uses-permission android:name="android.permission.ACCESS_WIFI_STATE" />
21-->[org.maplibre.gl:android-sdk:11.5.0] AndroidManifest.xml:16:5-76
21-->[org.maplibre.gl:android-sdk:11.5.0] AndroidManifest.xml:16:22-73
22    <uses-permission android:name="android.permission.ACCESS_COARSE_LOCATION" />
22-->[org.maplibre.gl:android-sdk:11.5.0] AndroidManifest.xml:17:5-81
22-->[org.maplibre.gl:android-sdk:11.5.0] AndroidManifest.xml:17:22-78
23    <uses-permission android:name="android.permission.ACCESS_FINE_LOCATION" />
23-->[org.maplibre.gl:android-sdk:11.5.0] AndroidManifest.xml:18:5-79
23-->[org.maplibre.gl:android-sdk:11.5.0] AndroidManifest.xml:18:22-76
24
25    <permission
25-->[androidx.core:core:1.13.1] AndroidManifest.xml:22:5-24:47
26        android:name="com.vypeensoft.friendtracker.DYNAMIC_RECEIVER_NOT_EXPORTED_PERMISSION"
26-->[androidx.core:core:1.13.1] AndroidManifest.xml:23:9-81
27        android:protectionLevel="signature" />
27-->[androidx.core:core:1.13.1] AndroidManifest.xml:24:9-44
28
29    <uses-permission android:name="com.vypeensoft.friendtracker.DYNAMIC_RECEIVER_NOT_EXPORTED_PERMISSION" />
29-->[androidx.core:core:1.13.1] AndroidManifest.xml:26:5-97
29-->[androidx.core:core:1.13.1] AndroidManifest.xml:26:22-94
30
31    <application
31-->src\main\AndroidManifest.xml:8:5-25:19
32        android:allowBackup="true"
32-->src\main\AndroidManifest.xml:9:9-35
33        android:appComponentFactory="androidx.core.app.CoreComponentFactory"
33-->[androidx.core:core:1.13.1] AndroidManifest.xml:28:18-86
34        android:debuggable="true"
35        android:extractNativeLibs="false"
36        android:icon="@drawable/app_icon"
36-->src\main\AndroidManifest.xml:10:9-42
37        android:label="@string/app_name"
37-->src\main\AndroidManifest.xml:11:9-41
38        android:roundIcon="@drawable/app_icon"
38-->src\main\AndroidManifest.xml:12:9-47
39        android:supportsRtl="true"
39-->src\main\AndroidManifest.xml:13:9-35
40        android:theme="@style/Theme.FriendLocationTracker" >
40-->src\main\AndroidManifest.xml:14:9-59
41        <activity
41-->src\main\AndroidManifest.xml:16:9-23:20
42            android:name="com.vypeensoft.friendtracker.MainActivity"
42-->src\main\AndroidManifest.xml:17:13-41
43            android:exported="true" >
43-->src\main\AndroidManifest.xml:18:13-36
44            <intent-filter>
44-->src\main\AndroidManifest.xml:19:13-22:29
45                <action android:name="android.intent.action.MAIN" />
45-->src\main\AndroidManifest.xml:20:17-69
45-->src\main\AndroidManifest.xml:20:25-66
46
47                <category android:name="android.intent.category.LAUNCHER" />
47-->src\main\AndroidManifest.xml:21:17-77
47-->src\main\AndroidManifest.xml:21:27-74
48            </intent-filter>
49        </activity>
50        <activity
50-->[com.google.android.gms:play-services-base:18.1.0] AndroidManifest.xml:20:9-22:45
51            android:name="com.google.android.gms.common.api.GoogleApiActivity"
51-->[com.google.android.gms:play-services-base:18.1.0] AndroidManifest.xml:20:19-85
52            android:exported="false"
52-->[com.google.android.gms:play-services-base:18.1.0] AndroidManifest.xml:22:19-43
53            android:theme="@android:style/Theme.Translucent.NoTitleBar" />
53-->[com.google.android.gms:play-services-base:18.1.0] AndroidManifest.xml:21:19-78
54
55        <meta-data
55-->[com.google.android.gms:play-services-basement:18.1.0] AndroidManifest.xml:21:9-23:69
56            android:name="com.google.android.gms.version"
56-->[com.google.android.gms:play-services-basement:18.1.0] AndroidManifest.xml:22:13-58
57            android:value="@integer/google_play_services_version" />
57-->[com.google.android.gms:play-services-basement:18.1.0] AndroidManifest.xml:23:13-66
58
59        <provider
59-->[androidx.emoji2:emoji2:1.3.0] AndroidManifest.xml:24:9-32:20
60            android:name="androidx.startup.InitializationProvider"
60-->[androidx.emoji2:emoji2:1.3.0] AndroidManifest.xml:25:13-67
61            android:authorities="com.vypeensoft.friendtracker.androidx-startup"
61-->[androidx.emoji2:emoji2:1.3.0] AndroidManifest.xml:26:13-68
62            android:exported="false" >
62-->[androidx.emoji2:emoji2:1.3.0] AndroidManifest.xml:27:13-37
63            <meta-data
63-->[androidx.emoji2:emoji2:1.3.0] AndroidManifest.xml:29:13-31:52
64                android:name="androidx.emoji2.text.EmojiCompatInitializer"
64-->[androidx.emoji2:emoji2:1.3.0] AndroidManifest.xml:30:17-75
65                android:value="androidx.startup" />
65-->[androidx.emoji2:emoji2:1.3.0] AndroidManifest.xml:31:17-49
66            <meta-data
66-->[androidx.lifecycle:lifecycle-process:2.6.2] AndroidManifest.xml:29:13-31:52
67                android:name="androidx.lifecycle.ProcessLifecycleInitializer"
67-->[androidx.lifecycle:lifecycle-process:2.6.2] AndroidManifest.xml:30:17-78
68                android:value="androidx.startup" />
68-->[androidx.lifecycle:lifecycle-process:2.6.2] AndroidManifest.xml:31:17-49
69            <meta-data
69-->[androidx.profileinstaller:profileinstaller:1.3.1] AndroidManifest.xml:29:13-31:52
70                android:name="androidx.profileinstaller.ProfileInstallerInitializer"
70-->[androidx.profileinstaller:profileinstaller:1.3.1] AndroidManifest.xml:30:17-85
71                android:value="androidx.startup" />
71-->[androidx.profileinstaller:profileinstaller:1.3.1] AndroidManifest.xml:31:17-49
72        </provider>
73
74        <receiver
74-->[androidx.profileinstaller:profileinstaller:1.3.1] AndroidManifest.xml:34:9-52:20
75            android:name="androidx.profileinstaller.ProfileInstallReceiver"
75-->[androidx.profileinstaller:profileinstaller:1.3.1] AndroidManifest.xml:35:13-76
76            android:directBootAware="false"
76-->[androidx.profileinstaller:profileinstaller:1.3.1] AndroidManifest.xml:36:13-44
77            android:enabled="true"
77-->[androidx.profileinstaller:profileinstaller:1.3.1] AndroidManifest.xml:37:13-35
78            android:exported="true"
78-->[androidx.profileinstaller:profileinstaller:1.3.1] AndroidManifest.xml:38:13-36
79            android:permission="android.permission.DUMP" >
79-->[androidx.profileinstaller:profileinstaller:1.3.1] AndroidManifest.xml:39:13-57
80            <intent-filter>
80-->[androidx.profileinstaller:profileinstaller:1.3.1] AndroidManifest.xml:40:13-42:29
81                <action android:name="androidx.profileinstaller.action.INSTALL_PROFILE" />
81-->[androidx.profileinstaller:profileinstaller:1.3.1] AndroidManifest.xml:41:17-91
81-->[androidx.profileinstaller:profileinstaller:1.3.1] AndroidManifest.xml:41:25-88
82            </intent-filter>
83            <intent-filter>
83-->[androidx.profileinstaller:profileinstaller:1.3.1] AndroidManifest.xml:43:13-45:29
84                <action android:name="androidx.profileinstaller.action.SKIP_FILE" />
84-->[androidx.profileinstaller:profileinstaller:1.3.1] AndroidManifest.xml:44:17-85
84-->[androidx.profileinstaller:profileinstaller:1.3.1] AndroidManifest.xml:44:25-82
85            </intent-filter>
86            <intent-filter>
86-->[androidx.profileinstaller:profileinstaller:1.3.1] AndroidManifest.xml:46:13-48:29
87                <action android:name="androidx.profileinstaller.action.SAVE_PROFILE" />
87-->[androidx.profileinstaller:profileinstaller:1.3.1] AndroidManifest.xml:47:17-88
87-->[androidx.profileinstaller:profileinstaller:1.3.1] AndroidManifest.xml:47:25-85
88            </intent-filter>
89            <intent-filter>
89-->[androidx.profileinstaller:profileinstaller:1.3.1] AndroidManifest.xml:49:13-51:29
90                <action android:name="androidx.profileinstaller.action.BENCHMARK_OPERATION" />
90-->[androidx.profileinstaller:profileinstaller:1.3.1] AndroidManifest.xml:50:17-95
90-->[androidx.profileinstaller:profileinstaller:1.3.1] AndroidManifest.xml:50:25-92
91            </intent-filter>
92        </receiver>
93    </application>
94
95</manifest>